<?xml version="1.0" encoding="UTF-8"?>
<!-- Generated by org.testng.reporters.JUnitXMLReporter -->
<testsuite hostname="LAPTOP-V8B65SR9" ignored="3" name="Default test" tests="1" failures="0" timestamp="2021-01-28T10:03:26 IST" time="74.762" errors="0">
  <testcase name="testcase4" time="45.331" classname="framework.Appium.Base"/>
  <testcase name="testcase2" time="0.0" classname="framework.Appium.Base">
    <ignored/>
  </testcase> <!-- testcase2 -->
  <testcase name="testcase1" time="0.0" classname="framework.Appium.Base">
    <ignored/>
  </testcase> <!-- testcase1 -->
  <testcase name="testcase3" time="0.0" classname="framework.Appium.Base">
    <ignored/>
  </testcase> <!-- testcase3 -->
</testsuite> <!-- Default test -->
