<?xml version="1.0" encoding="UTF-8"?>
<testng-results skipped="0" failed="0" ignored="3" total="4" passed="1">
  <reporter-output>
  </reporter-output>
  <suite name="Suite" duration-ms="74976" started-at="2021-01-28T10:41:51 IST" finished-at="2021-01-28T10:43:06 IST">
    <groups>
    </groups>
    <test name="Test" duration-ms="74976" started-at="2021-01-28T10:41:51 IST" finished-at="2021-01-28T10:43:06 IST">
      <class name="framework.Appium.Base">
        <test-method status="PASS" signature="bt()[pri:0, instance:framework.Appium.Base@612679d6]" name="bt" is-config="true" duration-ms="29094" started-at="2021-01-28T10:41:51 IST" finished-at="2021-01-28T10:42:20 IST">
          <reporter-output>
          </reporter-output>
        </test-method> <!-- bt -->
        <test-method status="PASS" signature="testcase4()[pri:0, instance:framework.Appium.Base@612679d6]" name="testcase4" duration-ms="45743" started-at="2021-01-28T10:42:21 IST" finished-at="2021-01-28T10:43:06 IST">
          <reporter-output>
          </reporter-output>
        </test-method> <!-- testcase4 -->
      </class> <!-- framework.Appium.Base -->
    </test> <!-- Test -->
  </suite> <!-- Suite -->
</testng-results>
