<?xml version="1.0" encoding="UTF-8"?>
<!-- Generated by org.testng.reporters.JUnitXMLReporter -->
<testsuite hostname="LAPTOP-V8B65SR9" ignored="2" name="Default test" tests="3" failures="0" timestamp="2021-02-07T20:39:59 IST" time="51.32" errors="0">
  <testcase name="testcase1" time="18.084" classname="Appium.sdetProject.Base"/>
  <testcase name="testcase2" time="9.036" classname="Appium.sdetProject.Base"/>
  <testcase name="testcase3" time="8.025" classname="Appium.sdetProject.Base"/>
  <testcase name="testcase5" time="0.0" classname="Appium.sdetProject.Base">
    <ignored/>
  </testcase> <!-- testcase5 -->
  <testcase name="testcase4" time="0.0" classname="Appium.sdetProject.Base">
    <ignored/>
  </testcase> <!-- testcase4 -->
</testsuite> <!-- Default test -->
